<?xml version="1.0" encoding="UTF-8"?>
<!-- Generated by org.testng.reporters.JUnitReportReporter -->
<testsuite hostname="DESKTOP-CJ09A1R" failures="0" tests="2" name="org.vimaleshrajavel.EcommerceTestCase_01" time="18.288" errors="0" timestamp="21 Oct 2022 16:49:08 GMT" skipped="0">
  <testcase classname="org.vimaleshrajavel.EcommerceTestCase_01" name="fillForm" time="4.320"/>
  <testcase classname="org.vimaleshrajavel.EcommerceTestCase_01" name="fillForm" time="13.968"/>
</testsuite> <!-- org.vimaleshrajavel.EcommerceTestCase_01 -->
